<?xml version="1.0" encoding="UTF-8"?>
<!-- Generated by org.testng.reporters.JUnitXMLReporter -->
<testsuite ignored="0" hostname="Lucifer" failures="0" tests="4" name="Default test" time="35.025" errors="0" timestamp="2023-08-02T20:00:56 IST">
  <testcase classname="com.Crm.Vtiger.contactsTest.VerifyuserCreateContactsTest" name="createContect" time="5.622"/>
  <testcase classname="com.Crm.Vtiger.contactsTest.VerifyuserCreateContactsTest" name="createContect" time="5.527"/>
  <testcase classname="com.Crm.Vtiger.contactsTest.VerifyuserCreateContactsTest" name="createContect" time="5.624"/>
  <testcase classname="com.Crm.Vtiger.contactsTest.VerifyuserCreateContactsTest" name="createContect" time="5.639"/>
</testsuite> <!-- Default test -->
