<?xml version="1.0" encoding="UTF-8"?>
<!-- Generated by org.testng.reporters.JUnitXMLReporter -->
<testsuite ignored="0" hostname="Lucifer" failures="0" tests="4" name="Default test" time="47.269" errors="0" timestamp="2023-08-12T22:17:14 IST">
  <testcase classname="com.Crm.Vtiger.contactsTest.VerifyuserCreateContactsTest" name="createContect" time="14.318"/>
  <testcase classname="com.Crm.Vtiger.contactsTest.VerifyuserCreateContactsTest" name="createContect" time="5.876"/>
  <testcase classname="com.Crm.Vtiger.contactsTest.VerifyuserCreateContactsTest" name="createContect" time="5.752"/>
  <testcase classname="com.Crm.Vtiger.contactsTest.VerifyuserCreateContactsTest" name="createContect" time="5.566"/>
</testsuite> <!-- Default test -->
