<?xml version="1.0" encoding="UTF-8"?>
<!-- Generated by org.testng.reporters.JUnitXMLReporter -->
<testsuite ignored="2" hostname="Lucifer" failures="0" tests="8" name="ChromeTest" time="190.211" errors="0" timestamp="2023-08-07T21:54:36 IST">
  <testcase classname="com.Crm.Vtiger.OrganaisationTest.VerifyUserCreationOrganaitionTest" name="createOrg" time="14.847"/>
  <testcase classname="com.Crm.Vtiger.OrganaisationTest.VerifyUserCreationOrganaitionTest" name="createOrg" time="16.445"/>
  <testcase classname="com.Crm.Vtiger.OrganaisationTest.VerifyUserCreationOrganaitionTest" name="createOrg" time="16.724"/>
  <testcase classname="com.Crm.Vtiger.OrganaisationTest.VerifyUserCreationOrganaitionTest" name="createOrg" time="16.499"/>
  <testcase classname="com.Crm.Vtiger.contactsTest.VerifyuserCreateContactsTest" name="createContect" time="13.225"/>
  <testcase classname="com.Crm.Vtiger.contactsTest.VerifyuserCreateContactsTest" name="createContect" time="16.942"/>
  <testcase classname="com.Crm.Vtiger.contactsTest.VerifyuserCreateContactsTest" name="createContect" time="16.469"/>
  <testcase classname="com.Crm.Vtiger.contactsTest.VerifyuserCreateContactsTest" name="createContect" time="16.118"/>
  <testcase classname="com.Crm.Vtiger.genricUtility.BaseClass" name="@AfterSuite asconfig" time="0.0">
    <ignored/>
  </testcase> <!-- @AfterSuite asconfig -->
  <testcase classname="com.Crm.Vtiger.genricUtility.BaseClass" name="@BeforeSuite bsconfig" time="0.0">
    <ignored/>
  </testcase> <!-- @BeforeSuite bsconfig -->
</testsuite> <!-- ChromeTest -->
