<?xml version="1.0" encoding="UTF-8"?>
<!-- Generated by org.testng.reporters.JUnitXMLReporter -->
<testsuite ignored="2" hostname="Lucifer" failures="0" tests="8" name="FirefoxTest" time="186.952" errors="0" timestamp="2023-08-07T21:57:44 IST">
  <testcase classname="com.Crm.Vtiger.OrganaisationTest.VerifyUserCreationOrganaitionTest" name="createOrg" time="13.779"/>
  <testcase classname="com.Crm.Vtiger.OrganaisationTest.VerifyUserCreationOrganaitionTest" name="createOrg" time="16.814"/>
  <testcase classname="com.Crm.Vtiger.OrganaisationTest.VerifyUserCreationOrganaitionTest" name="createOrg" time="16.367"/>
  <testcase classname="com.Crm.Vtiger.OrganaisationTest.VerifyUserCreationOrganaitionTest" name="createOrg" time="17.322"/>
  <testcase classname="com.Crm.Vtiger.contactsTest.VerifyuserCreateContactsTest" name="createContect" time="12.964"/>
  <testcase classname="com.Crm.Vtiger.contactsTest.VerifyuserCreateContactsTest" name="createContect" time="15.892"/>
  <testcase classname="com.Crm.Vtiger.contactsTest.VerifyuserCreateContactsTest" name="createContect" time="16.328"/>
  <testcase classname="com.Crm.Vtiger.contactsTest.VerifyuserCreateContactsTest" name="createContect" time="16.2"/>
  <testcase classname="com.Crm.Vtiger.genricUtility.BaseClass" name="@BeforeSuite bsconfig" time="0.0">
    <ignored/>
  </testcase> <!-- @BeforeSuite bsconfig -->
  <testcase classname="com.Crm.Vtiger.genricUtility.BaseClass" name="@AfterSuite asconfig" time="0.0">
    <ignored/>
  </testcase> <!-- @AfterSuite asconfig -->
</testsuite> <!-- FirefoxTest -->
