<?xml version="1.0" encoding="UTF-8"?>
<!-- Generated by org.testng.reporters.JUnitXMLReporter -->
<testsuite ignored="4" hostname="Lucifer" failures="0" tests="0" time="0.668" errors="0" timestamp="2023-08-07T21:40:49 IST">
  <testcase classname="com.Crm.Vtiger.genricUtility.BaseClass" name="@AfterSuite asconfig" time="0.0">
    <ignored/>
  </testcase> <!-- @AfterSuite asconfig -->
  <testcase classname="com.Crm.Vtiger.genricUtility.BaseClass" name="@BeforeSuite bsconfig" time="0.0">
    <ignored/>
  </testcase> <!-- @BeforeSuite bsconfig -->
  <testcase classname="com.Crm.Vtiger.OrganaisationTest.VerifyUserCreationOrganaitionTest" name="createOrg" time="0.0">
    <ignored/>
  </testcase> <!-- createOrg -->
  <testcase classname="com.Crm.Vtiger.contactsTest.VerifyuserCreateContactsTest" name="createContect" time="0.0">
    <ignored/>
  </testcase> <!-- createContect -->
</testsuite>
